Successfully scheduled one-shot timer.
Expected to fire at: 2026-07-03T00:25:33+08:00
Prompt: 配额重置时间已到。请调用 generate_image 为 EP09 和 EP10 重新生成图片：
EP09：ep09_scenarios_xxx
EP10：ep10_scenarios_xxx
然后使用 multi_replace_file_content 把占位符 ./ep09_scenarios_placeholder.jpg 替换为绝对路径。
Early Termination: never

[2026-07-02T19:39:53+08:00] Still waiting. Remaining time: 4h45m40s
[2026-07-02T19:40:53+08:00] Still waiting. Remaining time: 4h44m40s
[2026-07-02T19:41:53+08:00] Still waiting. Remaining time: 4h43m40s
[2026-07-02T19:42:53+08:00] Still waiting. Remaining time: 4h42m40s
[2026-07-02T19:43:53+08:00] Still waiting. Remaining time: 4h41m40s
[2026-07-02T19:44:53+08:00] Still waiting. Remaining time: 4h40m40s
[2026-07-02T19:45:53+08:00] Still waiting. Remaining time: 4h39m40s
[2026-07-02T19:46:53+08:00] Still waiting. Remaining time: 4h38m40s
[2026-07-02T19:47:53+08:00] Still waiting. Remaining time: 4h37m40s
[2026-07-02T19:48:53+08:00] Still waiting. Remaining time: 4h36m40s
[2026-07-02T19:49:53+08:00] Still waiting. Remaining time: 4h35m40s
[2026-07-02T19:50:53+08:00] Still waiting. Remaining time: 4h34m40s
[2026-07-02T19:51:53+08:00] Still waiting. Remaining time: 4h33m40s
[2026-07-02T19:52:53+08:00] Still waiting. Remaining time: 4h32m40s
[2026-07-02T19:53:53+08:00] Still waiting. Remaining time: 4h31m40s
[2026-07-02T19:54:53+08:00] Still waiting. Remaining time: 4h30m40s
[2026-07-02T19:55:53+08:00] Still waiting. Remaining time: 4h29m40s
[2026-07-02T19:56:53+08:00] Still waiting. Remaining time: 4h28m40s
[2026-07-02T19:57:53+08:00] Still waiting. Remaining time: 4h27m40s
[2026-07-02T19:58:53+08:00] Still waiting. Remaining time: 4h26m40s
[2026-07-02T19:59:53+08:00] Still waiting. Remaining time: 4h25m40s
[2026-07-02T20:00:53+08:00] Still waiting. Remaining time: 4h24m40s
[2026-07-02T20:01:53+08:00] Still waiting. Remaining time: 4h23m40s
[2026-07-02T20:02:53+08:00] Still waiting. Remaining time: 4h22m40s
[2026-07-02T20:03:53+08:00] Still waiting. Remaining time: 4h21m40s
[2026-07-02T20:04:53+08:00] Still waiting. Remaining time: 4h20m40s
[2026-07-02T20:05:53+08:00] Still waiting. Remaining time: 4h19m40s
[2026-07-02T20:06:53+08:00] Still waiting. Remaining time: 4h18m40s
[2026-07-02T20:07:53+08:00] Still waiting. Remaining time: 4h17m40s
[2026-07-02T20:08:53+08:00] Still waiting. Remaining time: 4h16m40s
[2026-07-02T20:09:53+08:00] Still waiting. Remaining time: 4h15m40s
[2026-07-02T20:10:53+08:00] Still waiting. Remaining time: 4h14m40s
[2026-07-02T20:11:53+08:00] Still waiting. Remaining time: 4h13m40s
[2026-07-02T20:12:53+08:00] Still waiting. Remaining time: 4h12m40s
[2026-07-02T20:13:53+08:00] Still waiting. Remaining time: 4h11m40s
[2026-07-02T20:14:53+08:00] Still waiting. Remaining time: 4h10m40s
[2026-07-02T20:15:53+08:00] Still waiting. Remaining time: 4h9m40s
[2026-07-02T20:16:53+08:00] Still waiting. Remaining time: 4h8m40s
[2026-07-02T20:17:53+08:00] Still waiting. Remaining time: 4h7m40s
[2026-07-02T20:18:53+08:00] Still waiting. Remaining time: 4h6m40s
[2026-07-02T20:19:53+08:00] Still waiting. Remaining time: 4h5m40s
[2026-07-02T20:20:53+08:00] Still waiting. Remaining time: 4h4m40s
[2026-07-02T20:21:53+08:00] Still waiting. Remaining time: 4h3m40s
[2026-07-02T20:22:53+08:00] Still waiting. Remaining time: 4h2m40s
[2026-07-02T20:23:53+08:00] Still waiting. Remaining time: 4h1m40s
[2026-07-02T20:24:53+08:00] Still waiting. Remaining time: 4h0m40s
[2026-07-02T20:25:53+08:00] Still waiting. Remaining time: 3h59m40s
[2026-07-02T20:26:53+08:00] Still waiting. Remaining time: 3h58m40s
[2026-07-02T20:27:53+08:00] Still waiting. Remaining time: 3h57m40s
[2026-07-02T20:28:53+08:00] Still waiting. Remaining time: 3h56m40s
[2026-07-02T20:29:53+08:00] Still waiting. Remaining time: 3h55m40s
[2026-07-02T20:30:53+08:00] Still waiting. Remaining time: 3h54m40s
[2026-07-02T20:31:53+08:00] Still waiting. Remaining time: 3h53m40s
[2026-07-02T20:32:53+08:00] Still waiting. Remaining time: 3h52m40s
[2026-07-02T20:33:53+08:00] Still waiting. Remaining time: 3h51m40s
[2026-07-02T20:34:53+08:00] Still waiting. Remaining time: 3h50m40s
[2026-07-02T20:35:53+08:00] Still waiting. Remaining time: 3h49m40s
[2026-07-02T20:36:53+08:00] Still waiting. Remaining time: 3h48m40s
[2026-07-02T20:37:53+08:00] Still waiting. Remaining time: 3h47m40s
[2026-07-02T20:38:53+08:00] Still waiting. Remaining time: 3h46m40s
[2026-07-02T20:39:53+08:00] Still waiting. Remaining time: 3h45m40s
[2026-07-02T20:40:53+08:00] Still waiting. Remaining time: 3h44m40s
[2026-07-02T20:41:53+08:00] Still waiting. Remaining time: 3h43m40s
[2026-07-02T20:42:53+08:00] Still waiting. Remaining time: 3h42m40s
[2026-07-02T20:43:53+08:00] Still waiting. Remaining time: 3h41m40s
[2026-07-02T20:44:53+08:00] Still waiting. Remaining time: 3h40m40s
[2026-07-02T20:45:53+08:00] Still waiting. Remaining time: 3h39m40s
[2026-07-02T20:46:53+08:00] Still waiting. Remaining time: 3h38m40s
[2026-07-02T20:47:53+08:00] Still waiting. Remaining time: 3h37m40s
[2026-07-02T20:48:53+08:00] Still waiting. Remaining time: 3h36m40s
[2026-07-02T20:49:53+08:00] Still waiting. Remaining time: 3h35m40s
[2026-07-02T20:50:53+08:00] Still waiting. Remaining time: 3h34m40s
[2026-07-02T20:51:53+08:00] Still waiting. Remaining time: 3h33m40s
[2026-07-02T20:52:53+08:00] Still waiting. Remaining time: 3h32m40s
[2026-07-02T20:53:53+08:00] Still waiting. Remaining time: 3h31m40s
[2026-07-02T20:54:53+08:00] Still waiting. Remaining time: 3h30m40s
[2026-07-02T20:55:53+08:00] Still waiting. Remaining time: 3h29m40s
[2026-07-02T20:56:53+08:00] Still waiting. Remaining time: 3h28m40s
[2026-07-02T20:57:53+08:00] Still waiting. Remaining time: 3h27m40s
[2026-07-02T20:58:53+08:00] Still waiting. Remaining time: 3h26m40s
[2026-07-02T20:59:53+08:00] Still waiting. Remaining time: 3h25m40s
[2026-07-02T21:00:53+08:00] Still waiting. Remaining time: 3h24m40s
[2026-07-02T21:01:53+08:00] Still waiting. Remaining time: 3h23m40s
[2026-07-02T21:02:53+08:00] Still waiting. Remaining time: 3h22m40s
[2026-07-02T21:03:53+08:00] Still waiting. Remaining time: 3h21m40s
[2026-07-02T21:04:53+08:00] Still waiting. Remaining time: 3h20m40s
[2026-07-02T21:05:53+08:00] Still waiting. Remaining time: 3h19m40s
[2026-07-02T21:06:53+08:00] Still waiting. Remaining time: 3h18m40s
[2026-07-02T21:07:53+08:00] Still waiting. Remaining time: 3h17m40s
[2026-07-02T21:08:53+08:00] Still waiting. Remaining time: 3h16m40s
[2026-07-02T21:09:53+08:00] Still waiting. Remaining time: 3h15m40s
[2026-07-02T21:10:53+08:00] Still waiting. Remaining time: 3h14m40s
[2026-07-02T21:11:53+08:00] Still waiting. Remaining time: 3h13m40s
[2026-07-02T21:12:53+08:00] Still waiting. Remaining time: 3h12m40s
[2026-07-02T21:13:53+08:00] Still waiting. Remaining time: 3h11m40s
[2026-07-02T21:14:53+08:00] Still waiting. Remaining time: 3h10m40s
[2026-07-02T21:15:53+08:00] Still waiting. Remaining time: 3h9m40s
[2026-07-02T21:16:53+08:00] Still waiting. Remaining time: 3h8m40s
[2026-07-02T21:17:53+08:00] Still waiting. Remaining time: 3h7m40s
[2026-07-02T21:18:53+08:00] Still waiting. Remaining time: 3h6m40s
[2026-07-02T21:19:53+08:00] Still waiting. Remaining time: 3h5m40s
[2026-07-02T21:20:53+08:00] Still waiting. Remaining time: 3h4m40s
[2026-07-02T21:21:53+08:00] Still waiting. Remaining time: 3h3m40s
[2026-07-02T21:22:53+08:00] Still waiting. Remaining time: 3h2m40s
[2026-07-02T21:23:53+08:00] Still waiting. Remaining time: 3h1m40s
[2026-07-02T21:24:53+08:00] Still waiting. Remaining time: 3h0m40s
[2026-07-02T21:25:53+08:00] Still waiting. Remaining time: 2h59m40s
[2026-07-02T21:26:53+08:00] Still waiting. Remaining time: 2h58m40s
[2026-07-02T21:27:53+08:00] Still waiting. Remaining time: 2h57m40s
[2026-07-02T21:28:53+08:00] Still waiting. Remaining time: 2h56m40s
[2026-07-02T21:29:53+08:00] Still waiting. Remaining time: 2h55m40s
[2026-07-02T21:30:53+08:00] Still waiting. Remaining time: 2h54m40s
[2026-07-02T21:31:53+08:00] Still waiting. Remaining time: 2h53m40s
[2026-07-02T21:32:53+08:00] Still waiting. Remaining time: 2h52m40s
[2026-07-02T21:33:53+08:00] Still waiting. Remaining time: 2h51m40s
[2026-07-02T21:34:53+08:00] Still waiting. Remaining time: 2h50m40s
[2026-07-02T21:35:53+08:00] Still waiting. Remaining time: 2h49m40s
[2026-07-02T21:36:53+08:00] Still waiting. Remaining time: 2h48m40s
[2026-07-02T21:37:53+08:00] Still waiting. Remaining time: 2h47m40s
[2026-07-02T21:38:53+08:00] Still waiting. Remaining time: 2h46m40s
[2026-07-02T21:39:53+08:00] Still waiting. Remaining time: 2h45m40s
[2026-07-02T21:40:53+08:00] Still waiting. Remaining time: 2h44m40s
[2026-07-02T21:41:53+08:00] Still waiting. Remaining time: 2h43m40s
[2026-07-02T21:42:53+08:00] Still waiting. Remaining time: 2h42m40s
[2026-07-02T21:43:53+08:00] Still waiting. Remaining time: 2h41m40s
[2026-07-02T21:44:53+08:00] Still waiting. Remaining time: 2h40m40s
[2026-07-02T21:45:53+08:00] Still waiting. Remaining time: 2h39m40s
[2026-07-02T21:46:53+08:00] Still waiting. Remaining time: 2h38m40s
[2026-07-02T21:47:53+08:00] Still waiting. Remaining time: 2h37m40s
[2026-07-02T21:48:53+08:00] Still waiting. Remaining time: 2h36m40s
[2026-07-02T21:49:53+08:00] Still waiting. Remaining time: 2h35m40s
[2026-07-02T21:50:53+08:00] Still waiting. Remaining time: 2h34m40s
[2026-07-02T21:51:53+08:00] Still waiting. Remaining time: 2h33m40s
[2026-07-02T21:52:53+08:00] Still waiting. Remaining time: 2h32m40s
[2026-07-02T21:53:53+08:00] Still waiting. Remaining time: 2h31m40s
[2026-07-02T21:54:53+08:00] Still waiting. Remaining time: 2h30m40s
[2026-07-02T21:55:53+08:00] Still waiting. Remaining time: 2h29m40s
[2026-07-02T21:56:53+08:00] Still waiting. Remaining time: 2h28m40s
[2026-07-02T21:57:53+08:00] Still waiting. Remaining time: 2h27m40s
[2026-07-02T21:58:53+08:00] Still waiting. Remaining time: 2h26m40s
[2026-07-02T21:59:53+08:00] Still waiting. Remaining time: 2h25m40s
[2026-07-02T22:00:53+08:00] Still waiting. Remaining time: 2h24m40s
[2026-07-02T22:01:53+08:00] Still waiting. Remaining time: 2h23m40s
[2026-07-02T22:02:53+08:00] Still waiting. Remaining time: 2h22m40s
[2026-07-02T22:03:53+08:00] Still waiting. Remaining time: 2h21m40s
[2026-07-02T22:04:53+08:00] Still waiting. Remaining time: 2h20m40s
[2026-07-02T22:05:53+08:00] Still waiting. Remaining time: 2h19m40s
[2026-07-02T22:06:53+08:00] Still waiting. Remaining time: 2h18m40s
[2026-07-02T22:07:53+08:00] Still waiting. Remaining time: 2h17m40s
[2026-07-02T22:08:53+08:00] Still waiting. Remaining time: 2h16m40s
[2026-07-02T22:09:53+08:00] Still waiting. Remaining time: 2h15m40s
[2026-07-02T22:10:53+08:00] Still waiting. Remaining time: 2h14m40s
[2026-07-02T22:11:53+08:00] Still waiting. Remaining time: 2h13m40s
[2026-07-02T22:12:53+08:00] Still waiting. Remaining time: 2h12m40s
[2026-07-02T22:13:53+08:00] Still waiting. Remaining time: 2h11m40s
[2026-07-02T22:14:53+08:00] Still waiting. Remaining time: 2h10m40s
[2026-07-02T22:15:53+08:00] Still waiting. Remaining time: 2h9m40s
[2026-07-02T22:16:53+08:00] Still waiting. Remaining time: 2h8m40s
[2026-07-02T22:17:53+08:00] Still waiting. Remaining time: 2h7m40s
[2026-07-02T22:18:53+08:00] Still waiting. Remaining time: 2h6m40s
[2026-07-02T22:19:53+08:00] Still waiting. Remaining time: 2h5m40s
[2026-07-02T22:20:53+08:00] Still waiting. Remaining time: 2h4m40s
[2026-07-02T22:21:53+08:00] Still waiting. Remaining time: 2h3m40s
[2026-07-02T22:22:53+08:00] Still waiting. Remaining time: 2h2m40s
[2026-07-02T22:23:53+08:00] Still waiting. Remaining time: 2h1m40s
[2026-07-02T22:24:53+08:00] Still waiting. Remaining time: 2h0m40s
[2026-07-02T22:25:53+08:00] Still waiting. Remaining time: 1h59m40s
[2026-07-02T22:26:53+08:00] Still waiting. Remaining time: 1h58m40s
[2026-07-02T22:27:53+08:00] Still waiting. Remaining time: 1h57m40s
[2026-07-02T22:28:53+08:00] Still waiting. Remaining time: 1h56m40s
[2026-07-02T22:29:53+08:00] Still waiting. Remaining time: 1h55m40s
[2026-07-02T22:30:53+08:00] Still waiting. Remaining time: 1h54m40s
[2026-07-02T22:31:53+08:00] Still waiting. Remaining time: 1h53m40s
[2026-07-02T22:32:53+08:00] Still waiting. Remaining time: 1h52m40s
[2026-07-02T22:33:53+08:00] Still waiting. Remaining time: 1h51m40s
[2026-07-02T22:34:53+08:00] Still waiting. Remaining time: 1h50m40s
[2026-07-02T22:35:53+08:00] Still waiting. Remaining time: 1h49m40s
[2026-07-02T22:36:53+08:00] Still waiting. Remaining time: 1h48m40s
[2026-07-02T22:37:53+08:00] Still waiting. Remaining time: 1h47m40s
[2026-07-02T22:38:53+08:00] Still waiting. Remaining time: 1h46m40s
[2026-07-02T22:39:53+08:00] Still waiting. Remaining time: 1h45m40s
[2026-07-02T22:40:53+08:00] Still waiting. Remaining time: 1h44m40s
[2026-07-02T22:41:53+08:00] Still waiting. Remaining time: 1h43m40s
[2026-07-02T22:42:53+08:00] Still waiting. Remaining time: 1h42m40s
[2026-07-02T22:43:53+08:00] Still waiting. Remaining time: 1h41m40s
[2026-07-02T22:44:53+08:00] Still waiting. Remaining time: 1h40m40s
[2026-07-02T22:45:53+08:00] Still waiting. Remaining time: 1h39m40s
[2026-07-02T22:46:53+08:00] Still waiting. Remaining time: 1h38m40s
[2026-07-02T22:47:53+08:00] Still waiting. Remaining time: 1h37m40s
[2026-07-02T22:48:53+08:00] Still waiting. Remaining time: 1h36m40s
[2026-07-02T22:49:53+08:00] Still waiting. Remaining time: 1h35m40s
[2026-07-02T22:50:53+08:00] Still waiting. Remaining time: 1h34m40s
[2026-07-02T22:51:53+08:00] Still waiting. Remaining time: 1h33m40s
[2026-07-02T22:52:53+08:00] Still waiting. Remaining time: 1h32m40s
[2026-07-02T22:53:53+08:00] Still waiting. Remaining time: 1h31m40s
[2026-07-02T22:54:53+08:00] Still waiting. Remaining time: 1h30m40s
[2026-07-02T22:55:53+08:00] Still waiting. Remaining time: 1h29m40s
[2026-07-02T22:56:53+08:00] Still waiting. Remaining time: 1h28m40s
[2026-07-02T22:57:53+08:00] Still waiting. Remaining time: 1h27m40s
[2026-07-02T22:58:53+08:00] Still waiting. Remaining time: 1h26m40s
[2026-07-02T22:59:53+08:00] Still waiting. Remaining time: 1h25m40s
[2026-07-02T23:00:53+08:00] Still waiting. Remaining time: 1h24m40s
[2026-07-02T23:01:53+08:00] Still waiting. Remaining time: 1h23m40s
[2026-07-02T23:02:53+08:00] Still waiting. Remaining time: 1h22m40s
[2026-07-02T23:05:53+08:00] Still waiting. Remaining time: 1h19m40s
[2026-07-02T23:06:53+08:00] Still waiting. Remaining time: 1h18m40s
[2026-07-02T23:07:53+08:00] Still waiting. Remaining time: 1h17m40s
[2026-07-02T23:08:53+08:00] Still waiting. Remaining time: 1h16m40s
[2026-07-02T23:09:53+08:00] Still waiting. Remaining time: 1h15m40s
[2026-07-02T23:10:53+08:00] Still waiting. Remaining time: 1h14m40s
[2026-07-02T23:11:53+08:00] Still waiting. Remaining time: 1h13m40s
[2026-07-02T23:12:53+08:00] Still waiting. Remaining time: 1h12m40s
[2026-07-02T23:13:53+08:00] Still waiting. Remaining time: 1h11m40s
[2026-07-02T23:14:53+08:00] Still waiting. Remaining time: 1h10m40s
[2026-07-02T23:15:53+08:00] Still waiting. Remaining time: 1h9m40s
[2026-07-02T23:16:53+08:00] Still waiting. Remaining time: 1h8m40s
[2026-07-02T23:17:53+08:00] Still waiting. Remaining time: 1h7m40s
[2026-07-02T23:18:53+08:00] Still waiting. Remaining time: 1h6m40s
[2026-07-02T23:19:53+08:00] Still waiting. Remaining time: 1h5m40s
[2026-07-02T23:20:53+08:00] Still waiting. Remaining time: 1h4m40s
[2026-07-02T23:21:53+08:00] Still waiting. Remaining time: 1h3m40s
[2026-07-02T23:22:53+08:00] Still waiting. Remaining time: 1h2m40s
[2026-07-02T23:23:53+08:00] Still waiting. Remaining time: 1h1m40s
[2026-07-02T23:24:53+08:00] Still waiting. Remaining time: 1h0m40s
[2026-07-02T23:25:53+08:00] Still waiting. Remaining time: 59m40s
[2026-07-02T23:26:53+08:00] Still waiting. Remaining time: 58m40s
[2026-07-02T23:27:53+08:00] Still waiting. Remaining time: 57m40s
[2026-07-02T23:28:53+08:00] Still waiting. Remaining time: 56m40s
[2026-07-02T23:29:53+08:00] Still waiting. Remaining time: 55m40s
[2026-07-02T23:30:53+08:00] Still waiting. Remaining time: 54m40s
[2026-07-02T23:31:53+08:00] Still waiting. Remaining time: 53m40s
[2026-07-02T23:32:53+08:00] Still waiting. Remaining time: 52m40s
[2026-07-02T23:33:53+08:00] Still waiting. Remaining time: 51m40s
[2026-07-02T23:34:53+08:00] Still waiting. Remaining time: 50m40s
[2026-07-02T23:35:53+08:00] Still waiting. Remaining time: 49m40s
[2026-07-02T23:36:53+08:00] Still waiting. Remaining time: 48m40s
[2026-07-02T23:37:53+08:00] Still waiting. Remaining time: 47m40s
[2026-07-02T23:38:53+08:00] Still waiting. Remaining time: 46m40s
[2026-07-02T23:39:53+08:00] Still waiting. Remaining time: 45m40s
[2026-07-02T23:40:53+08:00] Still waiting. Remaining time: 44m40s
[2026-07-02T23:41:53+08:00] Still waiting. Remaining time: 43m40s
[2026-07-02T23:42:53+08:00] Still waiting. Remaining time: 42m40s
[2026-07-02T23:43:53+08:00] Still waiting. Remaining time: 41m40s
[2026-07-02T23:44:53+08:00] Still waiting. Remaining time: 40m40s
[2026-07-02T23:45:53+08:00] Still waiting. Remaining time: 39m40s
[2026-07-02T23:46:53+08:00] Still waiting. Remaining time: 38m40s
[2026-07-02T23:47:53+08:00] Still waiting. Remaining time: 37m40s
[2026-07-02T23:48:53+08:00] Still waiting. Remaining time: 36m40s
[2026-07-02T23:49:53+08:00] Still waiting. Remaining time: 35m40s
[2026-07-02T23:50:53+08:00] Still waiting. Remaining time: 34m40s
[2026-07-02T23:51:53+08:00] Still waiting. Remaining time: 33m40s
[2026-07-02T23:52:53+08:00] Still waiting. Remaining time: 32m40s
[2026-07-02T23:53:53+08:00] Still waiting. Remaining time: 31m40s
[2026-07-02T23:54:53+08:00] Still waiting. Remaining time: 30m40s
[2026-07-02T23:55:53+08:00] Still waiting. Remaining time: 29m40s
[2026-07-02T23:56:53+08:00] Still waiting. Remaining time: 28m40s
[2026-07-02T23:57:53+08:00] Still waiting. Remaining time: 27m40s
[2026-07-02T23:58:53+08:00] Still waiting. Remaining time: 26m40s
[2026-07-02T23:59:53+08:00] Still waiting. Remaining time: 25m40s
[2026-07-03T00:00:53+08:00] Still waiting. Remaining time: 24m40s
[2026-07-03T00:01:53+08:00] Still waiting. Remaining time: 23m40s
[2026-07-03T00:02:53+08:00] Still waiting. Remaining time: 22m40s
[2026-07-03T00:03:53+08:00] Still waiting. Remaining time: 21m40s
[2026-07-03T00:04:53+08:00] Still waiting. Remaining time: 20m40s
[2026-07-03T00:05:53+08:00] Still waiting. Remaining time: 19m40s
[2026-07-03T00:06:53+08:00] Still waiting. Remaining time: 18m40s
[2026-07-03T00:07:53+08:00] Still waiting. Remaining time: 17m40s
[2026-07-03T00:08:53+08:00] Still waiting. Remaining time: 16m40s
[2026-07-03T00:09:53+08:00] Still waiting. Remaining time: 15m40s
[2026-07-03T00:10:53+08:00] Still waiting. Remaining time: 14m40s
[2026-07-03T00:11:53+08:00] Still waiting. Remaining time: 13m40s
[2026-07-03T00:12:53+08:00] Still waiting. Remaining time: 12m40s
[2026-07-03T00:13:53+08:00] Still waiting. Remaining time: 11m40s
[2026-07-03T00:14:53+08:00] Still waiting. Remaining time: 10m40s
[2026-07-03T00:15:53+08:00] Still waiting. Remaining time: 9m40s
[2026-07-03T00:16:53+08:00] Still waiting. Remaining time: 8m40s
[2026-07-03T00:17:53+08:00] Still waiting. Remaining time: 7m40s
[2026-07-03T00:18:53+08:00] Still waiting. Remaining time: 6m40s
[2026-07-03T00:19:53+08:00] Still waiting. Remaining time: 5m40s
[2026-07-03T00:20:53+08:00] Still waiting. Remaining time: 4m40s
[2026-07-03T00:21:53+08:00] Still waiting. Remaining time: 3m40s
[2026-07-03T00:22:53+08:00] Still waiting. Remaining time: 2m40s
[2026-07-03T00:23:53+08:00] Still waiting. Remaining time: 1m40s
[2026-07-03T00:24:53+08:00] Still waiting. Remaining time: 40s
[2026-07-03T00:25:33+08:00] Timer fired.
