Successfully scheduled one-shot timer.
Expected to fire at: 2026-07-02T18:07:55+08:00
Prompt: 图片生成配额已重置（UTC 10:02 / 北京时间 18:02）。现在开始为 EP09「安全边际」和 EP10「因子投资」生成剩余的 10 张配图，全部使用 AspectRatio=16:9，文件名以 ep09_ / ep10_ 为前缀。

待生成的图片清单：
EP09：
- ep09_masters（安全边际大师名人堂：Graham年化17%/巴菲特/Seth Klarman）
- ep09_performance_comparison（安全边际策略历史回测对比图）
- ep09_mistakes（安全边际5大常见错误警告图）
- ep09_sop（安全边际实战SOP5步流程图）

EP10：
- ep10_analogy_factory（因子工厂流水线类比图，5条流水线对应5个因子）
- ep10_masters（因子投资大师名人堂：Fama/DFA/AQR）
- ep10_performance_comparison（五大因子历史超额收益对比柱状图）
- ep10_mistakes（因子投资5大陷阱警告图）
- ep10_sop（因子投资实战SOP5步流程图）

生成完毕后替换 ep09_margin_of_safety.md 和 ep10_factor_investing.md 中对应的占位符为真实绝对路径。
Early Termination: never

[2026-07-02T14:08:55+08:00] Still waiting. Remaining time: 3h59m0s
[2026-07-02T14:09:55+08:00] Still waiting. Remaining time: 3h58m0s
[2026-07-02T14:10:55+08:00] Still waiting. Remaining time: 3h57m0s
[2026-07-02T14:11:55+08:00] Still waiting. Remaining time: 3h56m0s
[2026-07-02T14:12:55+08:00] Still waiting. Remaining time: 3h55m0s
[2026-07-02T14:13:55+08:00] Still waiting. Remaining time: 3h54m0s
[2026-07-02T14:14:55+08:00] Still waiting. Remaining time: 3h53m0s
[2026-07-02T14:15:55+08:00] Still waiting. Remaining time: 3h52m0s
[2026-07-02T14:16:55+08:00] Still waiting. Remaining time: 3h51m0s
[2026-07-02T14:17:55+08:00] Still waiting. Remaining time: 3h50m0s
[2026-07-02T14:18:55+08:00] Still waiting. Remaining time: 3h49m0s
[2026-07-02T14:19:55+08:00] Still waiting. Remaining time: 3h48m0s
[2026-07-02T14:20:55+08:00] Still waiting. Remaining time: 3h47m0s
[2026-07-02T14:24:43+08:00] Still waiting. Remaining time: 3h46m0s
[2026-07-02T14:33:49+08:00] Still waiting. Remaining time: 3h45m0s
[2026-07-02T14:34:49+08:00] Still waiting. Remaining time: 3h44m0s
[2026-07-02T14:35:49+08:00] Still waiting. Remaining time: 3h43m0s
[2026-07-02T14:36:49+08:00] Still waiting. Remaining time: 3h42m0s
[2026-07-02T14:37:49+08:00] Still waiting. Remaining time: 3h41m0s
[2026-07-02T14:38:49+08:00] Still waiting. Remaining time: 3h40m0s
[2026-07-02T14:39:52+08:00] Still waiting. Remaining time: 3h39m0s
[2026-07-02T14:58:03+08:00] Still waiting. Remaining time: 3h38m0s
[2026-07-02T15:16:38+08:00] Still waiting. Remaining time: 3h37m0s
[2026-07-02T15:17:38+08:00] Still waiting. Remaining time: 3h36m0s
[2026-07-02T15:18:38+08:00] Still waiting. Remaining time: 3h35m0s
[2026-07-02T15:35:06+08:00] Still waiting. Remaining time: 3h34m0s
[2026-07-02T15:52:15+08:00] Still waiting. Remaining time: 3h33m0s
[2026-07-02T16:26:06+08:00] Still waiting. Remaining time: 3h32m0s
[2026-07-02T16:40:22+08:00] Still waiting. Remaining time: 3h31m0s
[2026-07-02T16:51:26+08:00] Still waiting. Remaining time: 3h30m0s
[2026-07-02T16:52:26+08:00] Still waiting. Remaining time: 3h29m0s
[2026-07-02T16:53:26+08:00] Still waiting. Remaining time: 3h28m0s
[2026-07-02T16:54:26+08:00] Still waiting. Remaining time: 3h27m0s
[2026-07-02T16:55:26+08:00] Still waiting. Remaining time: 3h26m0s
[2026-07-02T16:56:26+08:00] Still waiting. Remaining time: 3h25m0s
[2026-07-02T16:57:26+08:00] Still waiting. Remaining time: 3h24m0s
[2026-07-02T16:58:26+08:00] Still waiting. Remaining time: 3h23m0s
[2026-07-02T16:59:26+08:00] Still waiting. Remaining time: 3h22m0s
[2026-07-02T17:00:26+08:00] Still waiting. Remaining time: 3h21m0s
[2026-07-02T17:01:26+08:00] Still waiting. Remaining time: 3h20m0s
[2026-07-02T17:02:26+08:00] Still waiting. Remaining time: 3h19m0s
[2026-07-02T17:03:26+08:00] Still waiting. Remaining time: 3h18m0s
[2026-07-02T17:04:26+08:00] Still waiting. Remaining time: 3h17m0s
[2026-07-02T17:05:26+08:00] Still waiting. Remaining time: 3h16m0s
[2026-07-02T17:06:26+08:00] Still waiting. Remaining time: 3h15m0s
[2026-07-02T17:07:26+08:00] Still waiting. Remaining time: 3h14m0s
[2026-07-02T17:08:26+08:00] Still waiting. Remaining time: 3h13m0s
[2026-07-02T17:09:26+08:00] Still waiting. Remaining time: 3h12m0s
[2026-07-02T17:10:26+08:00] Still waiting. Remaining time: 3h11m0s
[2026-07-02T17:11:26+08:00] Still waiting. Remaining time: 3h10m0s
[2026-07-02T17:12:26+08:00] Still waiting. Remaining time: 3h9m0s
[2026-07-02T17:13:26+08:00] Still waiting. Remaining time: 3h8m0s
[2026-07-02T17:14:26+08:00] Still waiting. Remaining time: 3h7m0s
[2026-07-02T17:15:26+08:00] Still waiting. Remaining time: 3h6m0s
[2026-07-02T17:16:26+08:00] Still waiting. Remaining time: 3h5m0s
[2026-07-02T17:17:26+08:00] Still waiting. Remaining time: 3h4m0s
[2026-07-02T17:18:26+08:00] Still waiting. Remaining time: 3h3m0s
[2026-07-02T17:19:26+08:00] Still waiting. Remaining time: 3h2m0s
[2026-07-02T17:20:26+08:00] Still waiting. Remaining time: 3h1m0s
[2026-07-02T17:21:26+08:00] Still waiting. Remaining time: 3h0m0s
[2026-07-02T17:22:26+08:00] Still waiting. Remaining time: 2h59m0s
[2026-07-02T17:23:26+08:00] Still waiting. Remaining time: 2h58m0s
[2026-07-02T17:24:26+08:00] Still waiting. Remaining time: 2h57m0s
[2026-07-02T17:25:26+08:00] Still waiting. Remaining time: 2h56m0s
[2026-07-02T17:26:26+08:00] Still waiting. Remaining time: 2h55m0s
[2026-07-02T17:27:26+08:00] Still waiting. Remaining time: 2h54m0s
[2026-07-02T17:28:26+08:00] Still waiting. Remaining time: 2h53m0s
[2026-07-02T17:29:26+08:00] Still waiting. Remaining time: 2h52m0s
[2026-07-02T17:30:26+08:00] Still waiting. Remaining time: 2h51m0s
[2026-07-02T17:31:26+08:00] Still waiting. Remaining time: 2h50m0s
[2026-07-02T17:32:26+08:00] Still waiting. Remaining time: 2h49m0s
[2026-07-02T17:33:26+08:00] Still waiting. Remaining time: 2h48m0s
[2026-07-02T17:34:26+08:00] Still waiting. Remaining time: 2h47m0s
[2026-07-02T17:35:26+08:00] Still waiting. Remaining time: 2h46m0s
[2026-07-02T17:36:26+08:00] Still waiting. Remaining time: 2h45m0s
[2026-07-02T17:37:26+08:00] Still waiting. Remaining time: 2h44m0s
[2026-07-02T17:38:26+08:00] Still waiting. Remaining time: 2h43m0s
[2026-07-02T17:39:26+08:00] Still waiting. Remaining time: 2h42m0s
[2026-07-02T17:40:26+08:00] Still waiting. Remaining time: 2h41m0s
[2026-07-02T17:41:26+08:00] Still waiting. Remaining time: 2h40m0s
[2026-07-02T17:42:26+08:00] Still waiting. Remaining time: 2h39m0s
[2026-07-02T17:43:26+08:00] Still waiting. Remaining time: 2h38m0s
[2026-07-02T17:44:26+08:00] Still waiting. Remaining time: 2h37m0s
[2026-07-02T17:45:26+08:00] Still waiting. Remaining time: 2h36m0s
[2026-07-02T17:46:26+08:00] Still waiting. Remaining time: 2h35m0s
[2026-07-02T17:47:26+08:00] Still waiting. Remaining time: 2h34m0s
[2026-07-02T17:48:26+08:00] Still waiting. Remaining time: 2h33m0s
[2026-07-02T17:49:26+08:00] Still waiting. Remaining time: 2h32m0s
[2026-07-02T17:50:26+08:00] Still waiting. Remaining time: 2h31m0s
[2026-07-02T17:51:26+08:00] Still waiting. Remaining time: 2h30m0s
[2026-07-02T17:52:26+08:00] Still waiting. Remaining time: 2h29m0s
[2026-07-02T17:53:26+08:00] Still waiting. Remaining time: 2h28m0s
[2026-07-02T17:54:26+08:00] Still waiting. Remaining time: 2h27m0s
[2026-07-02T17:55:26+08:00] Still waiting. Remaining time: 2h26m0s
[2026-07-02T17:56:26+08:00] Still waiting. Remaining time: 2h25m0s
[2026-07-02T17:57:26+08:00] Still waiting. Remaining time: 2h24m0s
[2026-07-02T17:58:26+08:00] Still waiting. Remaining time: 2h23m0s
[2026-07-02T17:59:26+08:00] Still waiting. Remaining time: 2h22m0s
[2026-07-02T18:00:26+08:00] Still waiting. Remaining time: 2h21m0s
[2026-07-02T18:01:26+08:00] Still waiting. Remaining time: 2h20m0s
[2026-07-02T18:02:26+08:00] Still waiting. Remaining time: 2h19m0s
[2026-07-02T18:03:26+08:00] Still waiting. Remaining time: 2h18m0s
[2026-07-02T18:04:26+08:00] Still waiting. Remaining time: 2h17m0s
[2026-07-02T18:05:26+08:00] Still waiting. Remaining time: 2h16m0s
[2026-07-02T18:06:26+08:00] Still waiting. Remaining time: 2h15m0s
[2026-07-02T18:07:26+08:00] Still waiting. Remaining time: 2h14m0s
[2026-07-02T18:08:26+08:00] Still waiting. Remaining time: 2h13m0s
[2026-07-02T18:09:26+08:00] Still waiting. Remaining time: 2h12m0s
[2026-07-02T18:10:26+08:00] Still waiting. Remaining time: 2h11m0s
[2026-07-02T18:11:26+08:00] Still waiting. Remaining time: 2h10m0s
[2026-07-02T18:12:26+08:00] Still waiting. Remaining time: 2h9m0s
[2026-07-02T18:13:26+08:00] Still waiting. Remaining time: 2h8m0s
[2026-07-02T18:14:26+08:00] Still waiting. Remaining time: 2h7m0s
[2026-07-02T18:15:26+08:00] Still waiting. Remaining time: 2h6m0s
[2026-07-02T18:16:26+08:00] Still waiting. Remaining time: 2h5m0s
[2026-07-02T18:17:26+08:00] Still waiting. Remaining time: 2h4m0s
[2026-07-02T18:18:26+08:00] Still waiting. Remaining time: 2h3m0s
[2026-07-02T18:19:26+08:00] Still waiting. Remaining time: 2h2m0s
[2026-07-02T18:20:26+08:00] Still waiting. Remaining time: 2h1m0s
[2026-07-02T18:21:26+08:00] Still waiting. Remaining time: 2h0m0s
[2026-07-02T18:22:26+08:00] Still waiting. Remaining time: 1h59m0s
[2026-07-02T18:23:26+08:00] Still waiting. Remaining time: 1h58m0s
[2026-07-02T18:24:26+08:00] Still waiting. Remaining time: 1h57m0s
[2026-07-02T18:25:26+08:00] Still waiting. Remaining time: 1h56m0s
[2026-07-02T18:26:26+08:00] Still waiting. Remaining time: 1h55m0s
[2026-07-02T18:27:26+08:00] Still waiting. Remaining time: 1h54m0s
[2026-07-02T18:28:26+08:00] Still waiting. Remaining time: 1h53m0s
[2026-07-02T18:29:26+08:00] Still waiting. Remaining time: 1h52m0s
[2026-07-02T18:30:26+08:00] Still waiting. Remaining time: 1h51m0s
[2026-07-02T18:31:26+08:00] Still waiting. Remaining time: 1h50m0s
[2026-07-02T18:32:26+08:00] Still waiting. Remaining time: 1h49m0s
[2026-07-02T18:33:26+08:00] Still waiting. Remaining time: 1h48m0s
[2026-07-02T18:34:26+08:00] Still waiting. Remaining time: 1h47m0s
[2026-07-02T18:35:26+08:00] Still waiting. Remaining time: 1h46m0s
[2026-07-02T18:36:26+08:00] Still waiting. Remaining time: 1h45m0s
[2026-07-02T18:37:26+08:00] Still waiting. Remaining time: 1h44m0s
[2026-07-02T18:38:26+08:00] Still waiting. Remaining time: 1h43m0s
[2026-07-02T18:39:26+08:00] Still waiting. Remaining time: 1h42m0s
[2026-07-02T18:40:26+08:00] Still waiting. Remaining time: 1h41m0s
[2026-07-02T18:41:26+08:00] Still waiting. Remaining time: 1h40m0s
[2026-07-02T18:42:26+08:00] Still waiting. Remaining time: 1h39m0s
[2026-07-02T18:43:26+08:00] Still waiting. Remaining time: 1h38m0s
[2026-07-02T18:44:26+08:00] Still waiting. Remaining time: 1h37m0s
[2026-07-02T18:45:26+08:00] Still waiting. Remaining time: 1h36m0s
[2026-07-02T18:46:26+08:00] Still waiting. Remaining time: 1h35m0s
[2026-07-02T18:47:26+08:00] Still waiting. Remaining time: 1h34m0s
[2026-07-02T18:48:26+08:00] Still waiting. Remaining time: 1h33m0s
[2026-07-02T18:49:26+08:00] Still waiting. Remaining time: 1h32m0s
[2026-07-02T18:50:26+08:00] Still waiting. Remaining time: 1h31m0s
[2026-07-02T18:51:26+08:00] Still waiting. Remaining time: 1h30m0s
[2026-07-02T18:52:26+08:00] Still waiting. Remaining time: 1h29m0s
[2026-07-02T18:53:26+08:00] Still waiting. Remaining time: 1h28m0s
[2026-07-02T18:54:26+08:00] Still waiting. Remaining time: 1h27m0s
[2026-07-02T18:55:26+08:00] Still waiting. Remaining time: 1h26m0s
[2026-07-02T18:56:26+08:00] Still waiting. Remaining time: 1h25m0s
[2026-07-02T18:57:26+08:00] Still waiting. Remaining time: 1h24m0s
[2026-07-02T18:58:26+08:00] Still waiting. Remaining time: 1h23m0s
[2026-07-02T18:59:26+08:00] Still waiting. Remaining time: 1h22m0s
[2026-07-02T19:00:26+08:00] Still waiting. Remaining time: 1h21m0s
[2026-07-02T19:01:26+08:00] Still waiting. Remaining time: 1h20m0s
[2026-07-02T19:02:26+08:00] Still waiting. Remaining time: 1h19m0s
[2026-07-02T19:03:26+08:00] Still waiting. Remaining time: 1h18m0s
[2026-07-02T19:04:26+08:00] Still waiting. Remaining time: 1h17m0s
[2026-07-02T19:05:26+08:00] Still waiting. Remaining time: 1h16m0s
[2026-07-02T19:06:26+08:00] Still waiting. Remaining time: 1h15m0s
[2026-07-02T19:07:26+08:00] Still waiting. Remaining time: 1h14m0s
[2026-07-02T19:08:26+08:00] Still waiting. Remaining time: 1h13m0s
[2026-07-02T19:09:26+08:00] Still waiting. Remaining time: 1h12m0s
[2026-07-02T19:10:26+08:00] Still waiting. Remaining time: 1h11m0s
[2026-07-02T19:11:26+08:00] Still waiting. Remaining time: 1h10m0s
[2026-07-02T19:12:26+08:00] Still waiting. Remaining time: 1h9m0s
[2026-07-02T19:13:26+08:00] Still waiting. Remaining time: 1h8m0s
[2026-07-02T19:14:26+08:00] Still waiting. Remaining time: 1h7m0s
[2026-07-02T19:15:26+08:00] Still waiting. Remaining time: 1h6m0s
[2026-07-02T19:16:26+08:00] Still waiting. Remaining time: 1h5m0s
[2026-07-02T19:17:26+08:00] Still waiting. Remaining time: 1h4m0s
[2026-07-02T19:18:26+08:00] Still waiting. Remaining time: 1h3m0s
[2026-07-02T19:19:26+08:00] Still waiting. Remaining time: 1h2m0s
[2026-07-02T19:20:26+08:00] Still waiting. Remaining time: 1h1m0s
[2026-07-02T19:20:33+08:00] Timer cancelled: context done.
