Successfully scheduled one-shot timer.
Expected to fire at: 2026-07-02T11:00:02+08:00
Prompt: 图片生成配额应已重置（UTC 05:02），现在开始批量生成 EP07 和 EP08 剩余共12张配图，全部用 AspectRatio=16:9，文件名以 ep07_ / ep08_ 为前缀，生成完毕后替换文章中的占位符，最后运行 verify_articles.py 验证。
Early Termination: never

[2026-07-02T09:31:02+08:00] Still waiting. Remaining time: 1h29m0s
[2026-07-02T09:32:02+08:00] Still waiting. Remaining time: 1h28m0s
[2026-07-02T09:33:02+08:00] Still waiting. Remaining time: 1h27m0s
[2026-07-02T09:34:02+08:00] Still waiting. Remaining time: 1h26m0s
[2026-07-02T09:35:02+08:00] Still waiting. Remaining time: 1h25m0s
[2026-07-02T09:36:02+08:00] Still waiting. Remaining time: 1h24m0s
[2026-07-02T09:37:02+08:00] Still waiting. Remaining time: 1h23m0s
[2026-07-02T09:38:02+08:00] Still waiting. Remaining time: 1h22m0s
[2026-07-02T09:39:02+08:00] Still waiting. Remaining time: 1h21m0s
[2026-07-02T09:54:38+08:00] Still waiting. Remaining time: 1h20m0s
[2026-07-02T09:55:38+08:00] Still waiting. Remaining time: 1h19m0s
[2026-07-02T09:56:38+08:00] Still waiting. Remaining time: 1h18m0s
[2026-07-02T09:57:38+08:00] Still waiting. Remaining time: 1h17m0s
[2026-07-02T09:58:38+08:00] Still waiting. Remaining time: 1h16m0s
[2026-07-02T09:59:38+08:00] Still waiting. Remaining time: 1h15m0s
[2026-07-02T10:00:38+08:00] Still waiting. Remaining time: 1h14m0s
[2026-07-02T10:01:38+08:00] Still waiting. Remaining time: 1h13m0s
[2026-07-02T10:02:38+08:00] Still waiting. Remaining time: 1h12m0s
[2026-07-02T10:03:38+08:00] Still waiting. Remaining time: 1h11m0s
[2026-07-02T10:04:40+08:00] Still waiting. Remaining time: 1h10m0s
[2026-07-02T10:37:20+08:00] Still waiting. Remaining time: 1h9m0s
[2026-07-02T10:53:47+08:00] Still waiting. Remaining time: 1h8m0s
[2026-07-02T11:11:41+08:00] Still waiting. Remaining time: 1h7m0s
[2026-07-02T11:12:41+08:00] Still waiting. Remaining time: 1h6m0s
[2026-07-02T11:13:41+08:00] Still waiting. Remaining time: 1h5m0s
[2026-07-02T11:14:41+08:00] Still waiting. Remaining time: 1h4m0s
[2026-07-02T11:15:41+08:00] Still waiting. Remaining time: 1h3m0s
[2026-07-02T11:16:41+08:00] Still waiting. Remaining time: 1h2m0s
[2026-07-02T11:17:41+08:00] Still waiting. Remaining time: 1h1m0s
[2026-07-02T11:18:41+08:00] Still waiting. Remaining time: 1h0m0s
[2026-07-02T11:19:41+08:00] Still waiting. Remaining time: 59m0s
[2026-07-02T11:20:41+08:00] Still waiting. Remaining time: 58m0s
[2026-07-02T11:36:59+08:00] Still waiting. Remaining time: 57m0s
[2026-07-02T11:53:14+08:00] Still waiting. Remaining time: 56m0s
[2026-07-02T12:05:31+08:00] Still waiting. Remaining time: 55m0s
[2026-07-02T12:41:18+08:00] Still waiting. Remaining time: 54m0s
[2026-07-02T12:42:18+08:00] Still waiting. Remaining time: 53m0s
[2026-07-02T12:43:18+08:00] Still waiting. Remaining time: 52m0s
[2026-07-02T12:44:18+08:00] Still waiting. Remaining time: 51m0s
[2026-07-02T12:45:18+08:00] Still waiting. Remaining time: 50m0s
[2026-07-02T12:46:18+08:00] Still waiting. Remaining time: 49m0s
[2026-07-02T12:58:14+08:00] Still waiting. Remaining time: 48m0s
[2026-07-02T12:59:14+08:00] Still waiting. Remaining time: 47m0s
[2026-07-02T13:00:14+08:00] Still waiting. Remaining time: 46m0s
[2026-07-02T13:01:14+08:00] Still waiting. Remaining time: 45m0s
[2026-07-02T13:02:14+08:00] Still waiting. Remaining time: 44m0s
[2026-07-02T13:03:14+08:00] Still waiting. Remaining time: 43m0s
[2026-07-02T13:04:14+08:00] Still waiting. Remaining time: 42m0s
[2026-07-02T13:05:14+08:00] Still waiting. Remaining time: 41m0s
[2026-07-02T13:06:14+08:00] Still waiting. Remaining time: 40m0s
[2026-07-02T13:07:14+08:00] Still waiting. Remaining time: 39m0s
[2026-07-02T13:08:14+08:00] Still waiting. Remaining time: 38m0s
[2026-07-02T13:08:39+08:00] Timer cancelled: context done.
